<?xml version="1.0" encoding="UTF-8"?>
<!-- Generated by org.testng.reporters.JUnitReportReporter -->
<testsuite hostname="DESKTOP-3HIK0JG" failures="0" tests="1" name="coderunner.runner" time="18.719" errors="0" timestamp="05 Apr 2025 19:31:36 GMT" skipped="0">
  <testcase classname="coderunner.runner" name="runScenario" time="18.719"/>
</testsuite> <!-- coderunner.runner -->
