<?xml version="1.0" encoding="UTF-8"?>
<!-- Generated by org.testng.reporters.JUnitReportReporter -->
<testsuite hostname="DESKTOP-3HIK0JG" failures="0" tests="1" name="coderunner.runner" time="15.768" errors="0" timestamp="05 Apr 2025 16:40:10 GMT" skipped="0">
  <testcase classname="coderunner.runner" name="runScenario" time="15.768"/>
</testsuite> <!-- coderunner.runner -->
